2025-04-17T10:29:18.061+05:30  INFO 2000 --- [Counsellors_Portal] [restartedMain] c.e.demo.CounsellorsPortalApplication    : Starting CounsellorsPortalApplication using Java 17.0.12 with PID 2000 (D:\workspace\STS-SpringBoot\Counsellors_Portal\target\classes started by Fadelsoft in D:\workspace\STS-SpringBoot\Counsellors_Portal)
2025-04-17T10:29:18.073+05:30  INFO 2000 --- [Counsellors_Portal] [restartedMain] c.e.demo.CounsellorsPortalApplication    : No active profile set, falling back to 1 default profile: "default"
2025-04-17T10:29:18.171+05:30  INFO 2000 --- [Counsellors_Portal] [restartedMain] .e.DevToolsPropertyDefaultsPostProcessor : Devtools property defaults active! Set 'spring.devtools.add-properties' to 'false' to disable
2025-04-17T10:29:18.174+05:30  INFO 2000 --- [Counsellors_Portal] [restartedMain] .e.DevToolsPropertyDefaultsPostProcessor : For additional web related logging consider setting the 'logging.level.web' property to 'DEBUG'
2025-04-17T10:29:19.097+05:30  INFO 2000 --- [Counsellors_Portal] [restartedMain] .s.d.r.c.RepositoryConfigurationDelegate : Bootstrapping Spring Data JPA repositories in DEFAULT mode.
2025-04-17T10:29:19.186+05:30  INFO 2000 --- [Counsellors_Portal] [restartedMain] .s.d.r.c.RepositoryConfigurationDelegate : Finished Spring Data repository scanning in 73 ms. Found 2 JPA repository interfaces.
2025-04-17T10:29:19.805+05:30  INFO 2000 --- [Counsellors_Portal] [restartedMain] o.s.b.w.embedded.tomcat.TomcatWebServer  : Tomcat initialized with port 8082 (http)
2025-04-17T10:29:19.824+05:30  INFO 2000 --- [Counsellors_Portal] [restartedMain] o.apache.catalina.core.StandardService   : Starting service [Tomcat]
2025-04-17T10:29:19.825+05:30  INFO 2000 --- [Counsellors_Portal] [restartedMain] o.apache.catalina.core.StandardEngine    : Starting Servlet engine: [Apache Tomcat/10.1.39]
2025-04-17T10:29:19.891+05:30  INFO 2000 --- [Counsellors_Portal] [restartedMain] o.a.c.c.C.[Tomcat].[localhost].[/]       : Initializing Spring embedded WebApplicationContext
2025-04-17T10:29:19.892+05:30  INFO 2000 --- [Counsellors_Portal] [restartedMain] w.s.c.ServletWebServerApplicationContext : Root WebApplicationContext: initialization completed in 1717 ms
2025-04-17T10:29:20.119+05:30  INFO 2000 --- [Counsellors_Portal] [restartedMain] o.hibernate.jpa.internal.util.LogHelper  : HHH000204: Processing PersistenceUnitInfo [name: default]
2025-04-17T10:29:20.206+05:30  INFO 2000 --- [Counsellors_Portal] [restartedMain] org.hibernate.Version                    : HHH000412: Hibernate ORM core version 6.6.11.Final
2025-04-17T10:29:20.267+05:30  INFO 2000 --- [Counsellors_Portal] [restartedMain] o.h.c.internal.RegionFactoryInitiator    : HHH000026: Second-level cache disabled
2025-04-17T10:29:20.684+05:30  INFO 2000 --- [Counsellors_Portal] [restartedMain] o.s.o.j.p.SpringPersistenceUnitInfo      : No LoadTimeWeaver setup: ignoring JPA class transformer
2025-04-17T10:29:20.740+05:30  INFO 2000 --- [Counsellors_Portal] [restartedMain] com.zaxxer.hikari.HikariDataSource       : HikariPool-1 - Starting...
2025-04-17T10:29:21.260+05:30  INFO 2000 --- [Counsellors_Portal] [restartedMain] com.zaxxer.hikari.pool.HikariPool        : HikariPool-1 - Added connection com.mysql.cj.jdbc.ConnectionImpl@213c972f
2025-04-17T10:29:21.264+05:30  INFO 2000 --- [Counsellors_Portal] [restartedMain] com.zaxxer.hikari.HikariDataSource       : HikariPool-1 - Start completed.
2025-04-17T10:29:21.343+05:30  WARN 2000 --- [Counsellors_Portal] [restartedMain] org.hibernate.orm.deprecation            : HHH90000025: MySQL8Dialect does not need to be specified explicitly using 'hibernate.dialect' (remove the property setting and it will be selected by default)
2025-04-17T10:29:21.346+05:30  WARN 2000 --- [Counsellors_Portal] [restartedMain] org.hibernate.orm.deprecation            : HHH90000026: MySQL8Dialect has been deprecated; use org.hibernate.dialect.MySQLDialect instead
2025-04-17T10:29:21.384+05:30  INFO 2000 --- [Counsellors_Portal] [restartedMain] org.hibernate.orm.connections.pooling    : HHH10001005: Database info:
	Database JDBC URL [Connecting through datasource 'HikariDataSource (HikariPool-1)']
	Database driver: undefined/unknown
	Database version: 8.0
	Autocommit mode: undefined/unknown
	Isolation level: undefined/unknown
	Minimum pool size: undefined/unknown
	Maximum pool size: undefined/unknown
2025-04-17T10:29:22.509+05:30  INFO 2000 --- [Counsellors_Portal] [restartedMain] o.h.e.t.j.p.i.JtaPlatformInitiator       : HHH000489: No JTA platform available (set 'hibernate.transaction.jta.platform' to enable JTA platform integration)
2025-04-17T10:29:22.605+05:30  INFO 2000 --- [Counsellors_Portal] [restartedMain] j.LocalContainerEntityManagerFactoryBean : Initialized JPA EntityManagerFactory for persistence unit 'default'
2025-04-17T10:29:23.044+05:30  INFO 2000 --- [Counsellors_Portal] [restartedMain] o.s.d.j.r.query.QueryEnhancerFactory     : Hibernate is in classpath; If applicable, HQL parser will be used.
2025-04-17T10:29:23.114+05:30  WARN 2000 --- [Counsellors_Portal] [restartedMain] JpaBaseConfiguration$JpaWebConfiguration : spring.jpa.open-in-view is enabled by default. Therefore, database queries may be performed during view rendering. Explicitly configure spring.jpa.open-in-view to disable this warning
2025-04-17T10:29:23.519+05:30  INFO 2000 --- [Counsellors_Portal] [restartedMain] o.s.b.d.a.OptionalLiveReloadServer       : LiveReload server is running on port 35729
2025-04-17T10:29:23.585+05:30  INFO 2000 --- [Counsellors_Portal] [restartedMain] o.s.b.w.embedded.tomcat.TomcatWebServer  : Tomcat started on port 8082 (http) with context path '/'
2025-04-17T10:29:23.598+05:30  INFO 2000 --- [Counsellors_Portal] [restartedMain] c.e.demo.CounsellorsPortalApplication    : Started CounsellorsPortalApplication in 6.125 seconds (process running for 6.895)
2025-04-17T10:30:45.819+05:30  INFO 2000 --- [Counsellors_Portal] [http-nio-8082-exec-1] o.a.c.c.C.[Tomcat].[localhost].[/]       : Initializing Spring DispatcherServlet 'dispatcherServlet'
2025-04-17T10:30:45.820+05:30  INFO 2000 --- [Counsellors_Portal] [http-nio-8082-exec-1] o.s.web.servlet.DispatcherServlet        : Initializing Servlet 'dispatcherServlet'
2025-04-17T10:30:45.824+05:30  INFO 2000 --- [Counsellors_Portal] [http-nio-8082-exec-1] o.s.web.servlet.DispatcherServlet        : Completed initialization in 4 ms
2025-04-17T11:14:55.292+05:30  INFO 2000 --- [Counsellors_Portal] [RMI TCP Connection(50)-127.0.0.1] inMXBeanRegistrar$SpringApplicationAdmin : Application shutdown requested.
2025-04-17T11:14:55.299+05:30  INFO 2000 --- [Counsellors_Portal] [RMI TCP Connection(50)-127.0.0.1] o.s.b.w.e.tomcat.GracefulShutdown        : Commencing graceful shutdown. Waiting for active requests to complete
2025-04-17T11:14:55.361+05:30  INFO 2000 --- [Counsellors_Portal] [tomcat-shutdown] o.s.b.w.e.tomcat.GracefulShutdown        : Graceful shutdown complete
2025-04-17T11:14:55.369+05:30  INFO 2000 --- [Counsellors_Portal] [RMI TCP Connection(50)-127.0.0.1] j.LocalContainerEntityManagerFactoryBean : Closing JPA EntityManagerFactory for persistence unit 'default'
2025-04-17T11:14:55.374+05:30  INFO 2000 --- [Counsellors_Portal] [RMI TCP Connection(50)-127.0.0.1] com.zaxxer.hikari.HikariDataSource       : HikariPool-1 - Shutdown initiated...
2025-04-17T11:14:55.388+05:30  INFO 2000 --- [Counsellors_Portal] [RMI TCP Connection(50)-127.0.0.1] com.zaxxer.hikari.HikariDataSource       : HikariPool-1 - Shutdown completed.
